<?xml version="1.0" encoding="UTF-8"?>
<!-- Generated by org.testng.reporters.JUnitXMLReporter -->
<testsuite hostname="Asus" name="Default test" tests="25" failures="0" timestamp="23 Mar 2015 08:20:10 GMT" time="167.796" errors="0">
  <testcase name="AnimateCrateTest" time="34.316" classname="test.EngineTest"/>
  <testcase name="BazookaAndWallShootTest" time="39.481" classname="test.EngineTest"/>
  <testcase name="DirtCircleTest" time="3.55" classname="test.EngineTest"/>
  <testcase name="EnrageTest" time="0.984" classname="test.EngineTest"/>
  <testcase name="FireMineTest" time="9.834" classname="test.EngineTest"/>
  <testcase name="HealingTest" time="5.178" classname="test.EngineTest"/>
  <testcase name="LazerEXShootTest" time="10.078" classname="test.EngineTest"/>
  <testcase name="LazerShootTest" time="13.61" classname="test.EngineTest"/>
  <testcase name="NuclearBlastTest" time="11.883" classname="test.EngineTest"/>
  <testcase name="PoisonDartTest" time="1.844" classname="test.EngineTest"/>
  <testcase name="RocketandShieldTest" time="6.079" classname="test.EngineTest"/>
  <testcase name="SkipTurnTest" time="0.0" classname="test.EngineTest"/>
  <testcase name="TeleportTest" time="10.468" classname="test.EngineTest"/>
  <testcase name="getHPtest" time="0.11" classname="test.EngineTest"/>
  <testcase name="getMoveLengthtest" time="0.125" classname="test.EngineTest"/>
  <testcase name="getOldCoordinatest" time="0.0" classname="test.EngineTest"/>
  <testcase name="getPlayerIDtest" time="0.0" classname="test.EngineTest"/>
  <testcase name="getRadiustest" time="0.0" classname="test.EngineTest"/>
  <testcase name="getSquareSizetest" time="0.0" classname="test.EngineTest"/>
  <testcase name="getTeamNumbertest" time="0.0" classname="test.EngineTest"/>
  <testcase name="moveLefttest" time="9.269" classname="test.EngineTest"/>
  <testcase name="moveRighttest" time="9.893" classname="test.EngineTest"/>
  <testcase name="setCurrentCoordinates" time="0.016" classname="test.EngineTest"/>
  <testcase name="setPlayerNametest" time="0.031" classname="test.EngineTest"/>
  <testcase name="setWeapontest" time="0.016" classname="test.EngineTest"/>
</testsuite> <!-- Default test -->
