<?xml version="1.0" encoding="UTF-8"?>
<testng-results skipped="0" failed="0" total="25" passed="25">
  <reporter-output>
  </reporter-output>
  <suite name="Default suite" duration-ms="167796" started-at="2015-03-23T08:17:23Z" finished-at="2015-03-23T08:20:10Z">
    <groups>
    </groups>
    <test name="Default test" duration-ms="167796" started-at="2015-03-23T08:17:23Z" finished-at="2015-03-23T08:20:10Z">
      <class name="test.EngineTest">
        <test-method status="PASS" signature="setUP()[pri:0, instance:test.EngineTest@5a42bbf4]" name="setUP" is-config="true" duration-ms="968" started-at="2015-03-23T08:17:23Z" finished-at="2015-03-23T08:17:24Z">
          <reporter-output>
          </reporter-output>
        </test-method> <!-- setUP -->
        <test-method status="PASS" signature="AnimateCrateTest()[pri:0, instance:test.EngineTest@5a42bbf4]" name="AnimateCrateTest" duration-ms="34316" started-at="2015-03-23T08:17:24Z" finished-at="2015-03-23T08:17:58Z">
          <reporter-output>
          </reporter-output>
        </test-method> <!-- AnimateCrateTest -->
        <test-method status="PASS" signature="BazookaAndWallShootTest()[pri:0, instance:test.EngineTest@5a42bbf4]" name="BazookaAndWallShootTest" duration-ms="39481" started-at="2015-03-23T08:17:58Z" finished-at="2015-03-23T08:18:37Z">
          <reporter-output>
          </reporter-output>
        </test-method> <!-- BazookaAndWallShootTest -->
        <test-method status="PASS" signature="DirtCircleTest()[pri:0, instance:test.EngineTest@5a42bbf4]" name="DirtCircleTest" duration-ms="3550" started-at="2015-03-23T08:18:37Z" finished-at="2015-03-23T08:18:41Z">
          <reporter-output>
          </reporter-output>
        </test-method> <!-- DirtCircleTest -->
        <test-method status="PASS" signature="EnrageTest()[pri:0, instance:test.EngineTest@5a42bbf4]" name="EnrageTest" duration-ms="984" started-at="2015-03-23T08:18:41Z" finished-at="2015-03-23T08:18:42Z">
          <reporter-output>
          </reporter-output>
        </test-method> <!-- EnrageTest -->
        <test-method status="PASS" signature="FireMineTest()[pri:0, instance:test.EngineTest@5a42bbf4]" name="FireMineTest" duration-ms="9834" started-at="2015-03-23T08:18:42Z" finished-at="2015-03-23T08:18:52Z">
          <reporter-output>
          </reporter-output>
        </test-method> <!-- FireMineTest -->
        <test-method status="PASS" signature="HealingTest()[pri:0, instance:test.EngineTest@5a42bbf4]" name="HealingTest" duration-ms="5178" started-at="2015-03-23T08:18:52Z" finished-at="2015-03-23T08:18:57Z">
          <reporter-output>
          </reporter-output>
        </test-method> <!-- HealingTest -->
        <test-method status="PASS" signature="LazerEXShootTest()[pri:0, instance:test.EngineTest@5a42bbf4]" name="LazerEXShootTest" duration-ms="10078" started-at="2015-03-23T08:18:57Z" finished-at="2015-03-23T08:19:07Z">
          <reporter-output>
          </reporter-output>
        </test-method> <!-- LazerEXShootTest -->
        <test-method status="PASS" signature="LazerShootTest()[pri:0, instance:test.EngineTest@5a42bbf4]" name="LazerShootTest" duration-ms="13610" started-at="2015-03-23T08:19:07Z" finished-at="2015-03-23T08:19:21Z">
          <reporter-output>
          </reporter-output>
        </test-method> <!-- LazerShootTest -->
        <test-method status="PASS" signature="NuclearBlastTest()[pri:0, instance:test.EngineTest@5a42bbf4]" name="NuclearBlastTest" duration-ms="11883" started-at="2015-03-23T08:19:21Z" finished-at="2015-03-23T08:19:32Z">
          <reporter-output>
          </reporter-output>
        </test-method> <!-- NuclearBlastTest -->
        <test-method status="PASS" signature="PoisonDartTest()[pri:0, instance:test.EngineTest@5a42bbf4]" name="PoisonDartTest" duration-ms="1844" started-at="2015-03-23T08:19:32Z" finished-at="2015-03-23T08:19:34Z">
          <reporter-output>
          </reporter-output>
        </test-method> <!-- PoisonDartTest -->
        <test-method status="PASS" signature="RocketandShieldTest()[pri:0, instance:test.EngineTest@5a42bbf4]" name="RocketandShieldTest" duration-ms="6079" started-at="2015-03-23T08:19:34Z" finished-at="2015-03-23T08:19:40Z">
          <reporter-output>
          </reporter-output>
        </test-method> <!-- RocketandShieldTest -->
        <test-method status="PASS" signature="TeleportTest()[pri:0, instance:test.EngineTest@5a42bbf4]" name="TeleportTest" duration-ms="10468" started-at="2015-03-23T08:19:40Z" finished-at="2015-03-23T08:19:51Z">
          <reporter-output>
          </reporter-output>
        </test-method> <!-- TeleportTest -->
        <test-method status="PASS" signature="SkipTurnTest()[pri:0, instance:test.EngineTest@5a42bbf4]" name="SkipTurnTest" duration-ms="0" started-at="2015-03-23T08:19:40Z" finished-at="2015-03-23T08:19:40Z">
          <reporter-output>
          </reporter-output>
        </test-method> <!-- SkipTurnTest -->
        <test-method status="PASS" signature="getHPtest()[pri:0, instance:test.EngineTest@5a42bbf4]" name="getHPtest" duration-ms="110" started-at="2015-03-23T08:19:51Z" finished-at="2015-03-23T08:19:51Z">
          <reporter-output>
          </reporter-output>
        </test-method> <!-- getHPtest -->
        <test-method status="PASS" signature="getMoveLengthtest()[pri:0, instance:test.EngineTest@5a42bbf4]" name="getMoveLengthtest" duration-ms="125" started-at="2015-03-23T08:19:51Z" finished-at="2015-03-23T08:19:51Z">
          <reporter-output>
          </reporter-output>
        </test-method> <!-- getMoveLengthtest -->
        <test-method status="PASS" signature="getSquareSizetest()[pri:0, instance:test.EngineTest@5a42bbf4]" name="getSquareSizetest" duration-ms="0" started-at="2015-03-23T08:19:51Z" finished-at="2015-03-23T08:19:51Z">
          <reporter-output>
          </reporter-output>
        </test-method> <!-- getSquareSizetest -->
        <test-method status="PASS" signature="getOldCoordinatest()[pri:0, instance:test.EngineTest@5a42bbf4]" name="getOldCoordinatest" duration-ms="0" started-at="2015-03-23T08:19:51Z" finished-at="2015-03-23T08:19:51Z">
          <reporter-output>
          </reporter-output>
        </test-method> <!-- getOldCoordinatest -->
        <test-method status="PASS" signature="getRadiustest()[pri:0, instance:test.EngineTest@5a42bbf4]" name="getRadiustest" duration-ms="0" started-at="2015-03-23T08:19:51Z" finished-at="2015-03-23T08:19:51Z">
          <reporter-output>
          </reporter-output>
        </test-method> <!-- getRadiustest -->
        <test-method status="PASS" signature="getPlayerIDtest()[pri:0, instance:test.EngineTest@5a42bbf4]" name="getPlayerIDtest" duration-ms="0" started-at="2015-03-23T08:19:51Z" finished-at="2015-03-23T08:19:51Z">
          <reporter-output>
          </reporter-output>
        </test-method> <!-- getPlayerIDtest -->
        <test-method status="PASS" signature="moveLefttest()[pri:0, instance:test.EngineTest@5a42bbf4]" name="moveLefttest" duration-ms="9269" started-at="2015-03-23T08:19:51Z" finished-at="2015-03-23T08:20:00Z">
          <reporter-output>
          </reporter-output>
        </test-method> <!-- moveLefttest -->
        <test-method status="PASS" signature="getTeamNumbertest()[pri:0, instance:test.EngineTest@5a42bbf4]" name="getTeamNumbertest" duration-ms="0" started-at="2015-03-23T08:19:51Z" finished-at="2015-03-23T08:19:51Z">
          <reporter-output>
          </reporter-output>
        </test-method> <!-- getTeamNumbertest -->
        <test-method status="PASS" signature="moveRighttest()[pri:0, instance:test.EngineTest@5a42bbf4]" name="moveRighttest" duration-ms="9893" started-at="2015-03-23T08:20:00Z" finished-at="2015-03-23T08:20:10Z">
          <reporter-output>
          </reporter-output>
        </test-method> <!-- moveRighttest -->
        <test-method status="PASS" signature="setCurrentCoordinates()[pri:0, instance:test.EngineTest@5a42bbf4]" name="setCurrentCoordinates" duration-ms="16" started-at="2015-03-23T08:20:10Z" finished-at="2015-03-23T08:20:10Z">
          <reporter-output>
          </reporter-output>
        </test-method> <!-- setCurrentCoordinates -->
        <test-method status="PASS" signature="setPlayerNametest()[pri:0, instance:test.EngineTest@5a42bbf4]" name="setPlayerNametest" duration-ms="31" started-at="2015-03-23T08:20:10Z" finished-at="2015-03-23T08:20:10Z">
          <reporter-output>
          </reporter-output>
        </test-method> <!-- setPlayerNametest -->
        <test-method status="PASS" signature="setWeapontest()[pri:0, instance:test.EngineTest@5a42bbf4]" name="setWeapontest" duration-ms="16" started-at="2015-03-23T08:20:10Z" finished-at="2015-03-23T08:20:10Z">
          <reporter-output>
          </reporter-output>
        </test-method> <!-- setWeapontest -->
      </class> <!-- test.EngineTest -->
    </test> <!-- Default test -->
  </suite> <!-- Default suite -->
</testng-results>
